2026-04-30T21:17:18+02:00 DB_USER: Array
(
    [id] => 2
    [name] => Local Admin
    [email] => admin@campus.edu
    [password_hash] => $2y$10$zFj3lKZxN8kKVUic19qQcus8D6.GPkesA9D6GQI449jtBZy3ZHHYK
    [role] => Admin
    [specialization] => 
    [status] => Active
    [notification_preferences] => 
    [last_login] => 
    [failed_attempts] => 0
    [is_locked] => 0
    [created_by] => 
    [created_at] => 2026-04-30 22:11:18
    [updated_at] => 2026-04-30 22:11:18
)

2026-04-30T21:17:40+02:00 DB_USER: Array
(
    [id] => 2
    [name] => Local Admin
    [email] => admin@campus.edu
    [password_hash] => $2y$10$zFj3lKZxN8kKVUic19qQcus8D6.GPkesA9D6GQI449jtBZy3ZHHYK
    [role] => Admin
    [specialization] => 
    [status] => Active
    [notification_preferences] => 
    [last_login] => 
    [failed_attempts] => 0
    [is_locked] => 0
    [created_by] => 
    [created_at] => 2026-04-30 22:11:18
    [updated_at] => 2026-04-30 22:11:18
)

2026-04-30T21:17:54+02:00 DB_USER: Array
(
    [id] => 2
    [name] => Local Admin
    [email] => admin@campus.edu
    [password_hash] => $2y$10$zFj3lKZxN8kKVUic19qQcus8D6.GPkesA9D6GQI449jtBZy3ZHHYK
    [role] => Admin
    [specialization] => 
    [status] => Active
    [notification_preferences] => 
    [last_login] => 
    [failed_attempts] => 0
    [is_locked] => 0
    [created_by] => 
    [created_at] => 2026-04-30 22:11:18
    [updated_at] => 2026-04-30 22:11:18
)

2026-04-30T21:17:55+02:00 DB_USER: Array
(
    [id] => 2
    [name] => Local Admin
    [email] => admin@campus.edu
    [password_hash] => $2y$10$zFj3lKZxN8kKVUic19qQcus8D6.GPkesA9D6GQI449jtBZy3ZHHYK
    [role] => Admin
    [specialization] => 
    [status] => Active
    [notification_preferences] => 
    [last_login] => 
    [failed_attempts] => 0
    [is_locked] => 0
    [created_by] => 
    [created_at] => 2026-04-30 22:11:18
    [updated_at] => 2026-04-30 22:11:18
)

2026-04-30T21:17:55+02:00 DB_USER: Array
(
    [id] => 2
    [name] => Local Admin
    [email] => admin@campus.edu
    [password_hash] => $2y$10$zFj3lKZxN8kKVUic19qQcus8D6.GPkesA9D6GQI449jtBZy3ZHHYK
    [role] => Admin
    [specialization] => 
    [status] => Active
    [notification_preferences] => 
    [last_login] => 
    [failed_attempts] => 0
    [is_locked] => 0
    [created_by] => 
    [created_at] => 2026-04-30 22:11:18
    [updated_at] => 2026-04-30 22:11:18
)

2026-04-30T21:24:25+02:00 DB_USER: 
2026-04-30T21:24:26+02:00 DB_USER: 
2026-04-30T21:24:32+02:00 DB_USER: 
2026-04-30T21:24:33+02:00 DB_USER: 
2026-04-30T21:24:33+02:00 DB_USER: 
2026-04-30T21:24:34+02:00 DB_USER: 
2026-04-30T21:24:34+02:00 DB_USER: 
2026-04-30T21:26:19+02:00 DB_USER: 
2026-04-30T21:26:19+02:00 DB_USER: 
2026-04-30T21:26:19+02:00 DB_USER: 
2026-04-30T21:26:20+02:00 DB_USER: 
2026-04-30T21:26:20+02:00 DB_USER: 
2026-04-30T21:26:20+02:00 DB_USER: 
2026-04-30T21:26:20+02:00 DB_USER: 
2026-04-30T21:26:21+02:00 DB_USER: 
2026-04-30T21:26:21+02:00 DB_USER: 
2026-04-30T21:26:21+02:00 DB_USER: 
2026-04-30T21:26:22+02:00 DB_USER: 
2026-04-30T21:26:22+02:00 DB_USER: 
2026-04-30T21:26:22+02:00 DB_USER: 
2026-04-30T21:26:22+02:00 DB_USER: 
2026-04-30T21:26:22+02:00 DB_USER: 
2026-04-30T21:26:23+02:00 DB_USER: 
2026-04-30T22:16:43+02:00 DB_USER: Array
(
    [id] => 1
    [name] => Local Admin
    [email] => admin@campus.edu
    [password_hash] => $2y$10$0Zv6fyn3lyF13AMvvCfIIus/taAIg.s4dmBffZYB7qvKX8/3tVbZy
    [role] => Admin
    [specialization] => 
    [status] => Active
    [notification_preferences] => 
    [last_login] => 
    [failed_attempts] => 0
    [is_locked] => 
    [created_by] => 
    [created_at] => 2026-04-30 20:06:33.235356
    [updated_at] => 2026-04-30 20:06:33.235356
)

2026-04-30T22:17:44+02:00 DB_USER: Array
(
    [id] => 1
    [name] => Local Admin
    [email] => admin@campus.edu
    [password_hash] => $2y$10$0Zv6fyn3lyF13AMvvCfIIus/taAIg.s4dmBffZYB7qvKX8/3tVbZy
    [role] => Admin
    [specialization] => 
    [status] => Active
    [notification_preferences] => 
    [last_login] => 
    [failed_attempts] => 0
    [is_locked] => 
    [created_by] => 
    [created_at] => 2026-04-30 20:06:33.235356
    [updated_at] => 2026-04-30 20:06:33.235356
)

2026-04-30T22:18:41+02:00 DB_USER: Array
(
    [id] => 1
    [name] => Local Admin
    [email] => admin@campus.edu
    [password_hash] => $2y$10$0Zv6fyn3lyF13AMvvCfIIus/taAIg.s4dmBffZYB7qvKX8/3tVbZy
    [role] => Admin
    [specialization] => 
    [status] => Active
    [notification_preferences] => 
    [last_login] => 
    [failed_attempts] => 0
    [is_locked] => 
    [created_by] => 
    [created_at] => 2026-04-30 20:06:33.235356
    [updated_at] => 2026-04-30 20:06:33.235356
)

2026-04-30T22:18:44+02:00 DB_USER: Array
(
    [id] => 1
    [name] => Local Admin
    [email] => admin@campus.edu
    [password_hash] => $2y$10$0Zv6fyn3lyF13AMvvCfIIus/taAIg.s4dmBffZYB7qvKX8/3tVbZy
    [role] => Admin
    [specialization] => 
    [status] => Active
    [notification_preferences] => 
    [last_login] => 
    [failed_attempts] => 0
    [is_locked] => 
    [created_by] => 
    [created_at] => 2026-04-30 20:06:33.235356
    [updated_at] => 2026-04-30 20:06:33.235356
)

2026-04-30T22:21:50+02:00 DB_USER: Array
(
    [id] => 1
    [name] => Local Admin
    [email] => admin@campus.edu
    [password_hash] => $2y$10$0Zv6fyn3lyF13AMvvCfIIus/taAIg.s4dmBffZYB7qvKX8/3tVbZy
    [role] => Admin
    [specialization] => 
    [status] => Active
    [notification_preferences] => 
    [last_login] => 
    [failed_attempts] => 0
    [is_locked] => 
    [created_by] => 
    [created_at] => 2026-04-30 20:06:33.235356
    [updated_at] => 2026-04-30 20:06:33.235356
)

2026-04-30T22:29:58+02:00 DB_USER: Array
(
    [id] => 1
    [name] => Local Admin
    [email] => admin@campus.edu
    [password_hash] => $2y$10$0Zv6fyn3lyF13AMvvCfIIus/taAIg.s4dmBffZYB7qvKX8/3tVbZy
    [role] => Admin
    [specialization] => 
    [status] => Active
    [notification_preferences] => 
    [last_login] => 
    [failed_attempts] => 0
    [is_locked] => 
    [created_by] => 
    [created_at] => 2026-04-30 20:06:33.235356
    [updated_at] => 2026-04-30 20:06:33.235356
)

2026-04-30T22:30:01+02:00 DB_USER: Array
(
    [id] => 1
    [name] => Local Admin
    [email] => admin@campus.edu
    [password_hash] => $2y$10$0Zv6fyn3lyF13AMvvCfIIus/taAIg.s4dmBffZYB7qvKX8/3tVbZy
    [role] => Admin
    [specialization] => 
    [status] => Active
    [notification_preferences] => 
    [last_login] => 
    [failed_attempts] => 0
    [is_locked] => 
    [created_by] => 
    [created_at] => 2026-04-30 20:06:33.235356
    [updated_at] => 2026-04-30 20:06:33.235356
)

2026-04-30T22:30:17+02:00 DB_USER: Array
(
    [id] => 1
    [name] => Local Admin
    [email] => admin@campus.edu
    [password_hash] => $2y$10$0Zv6fyn3lyF13AMvvCfIIus/taAIg.s4dmBffZYB7qvKX8/3tVbZy
    [role] => Admin
    [specialization] => 
    [status] => Active
    [notification_preferences] => 
    [last_login] => 
    [failed_attempts] => 0
    [is_locked] => 
    [created_by] => 
    [created_at] => 2026-04-30 20:06:33.235356
    [updated_at] => 2026-04-30 20:06:33.235356
)

2026-04-30T22:30:33+02:00 DB_USER: 
2026-04-30T22:34:00+02:00 DB_USER: 
2026-04-30T22:34:45+02:00 DB_USER: Array
(
    [id] => 1
    [name] => Local Admin
    [email] => admin@campus.edu
    [password_hash] => $2y$10$0Zv6fyn3lyF13AMvvCfIIus/taAIg.s4dmBffZYB7qvKX8/3tVbZy
    [role] => Admin
    [specialization] => 
    [status] => Active
    [notification_preferences] => 
    [last_login] => 
    [failed_attempts] => 0
    [is_locked] => 
    [created_by] => 
    [created_at] => 2026-04-30 20:06:33.235356
    [updated_at] => 2026-04-30 20:06:33.235356
)

2026-04-30T22:34:55+02:00 DB_USER: Array
(
    [id] => 1
    [name] => Local Admin
    [email] => admin@campus.edu
    [password_hash] => $2y$10$0Zv6fyn3lyF13AMvvCfIIus/taAIg.s4dmBffZYB7qvKX8/3tVbZy
    [role] => Admin
    [specialization] => 
    [status] => Active
    [notification_preferences] => 
    [last_login] => 
    [failed_attempts] => 0
    [is_locked] => 
    [created_by] => 
    [created_at] => 2026-04-30 20:06:33.235356
    [updated_at] => 2026-04-30 20:06:33.235356
)

2026-04-30T22:39:16+02:00 DB_USER: Array
(
    [id] => 1
    [name] => Local Admin
    [email] => admin@campus.edu
    [password_hash] => $2y$10$0Zv6fyn3lyF13AMvvCfIIus/taAIg.s4dmBffZYB7qvKX8/3tVbZy
    [role] => Admin
    [specialization] => 
    [status] => Active
    [notification_preferences] => 
    [last_login] => 
    [failed_attempts] => 0
    [is_locked] => 
    [created_by] => 
    [created_at] => 2026-04-30 20:06:33.235356
    [updated_at] => 2026-04-30 20:06:33.235356
)

2026-04-30T22:44:02+02:00 DB_USER: Array
(
    [id] => 1
    [name] => Local Admin
    [email] => admin@campus.edu
    [password_hash] => $2y$10$Wx3TBvWvg/Qwpf.BdnZXrO4cfAug9dgnu9.1JYXrweK4cPXv2dcoS
    [role] => Admin
    [specialization] => 
    [status] => Active
    [notification_preferences] => 
    [last_login] => 
    [failed_attempts] => 0
    [is_locked] => 
    [created_by] => 
    [created_at] => 2026-04-30 20:06:33.235356
    [updated_at] => 2026-04-30 20:06:33.235356
)

2026-04-30T22:44:11+02:00 DB_USER: Array
(
    [id] => 1
    [name] => Local Admin
    [email] => admin@campus.edu
    [password_hash] => $2y$10$Wx3TBvWvg/Qwpf.BdnZXrO4cfAug9dgnu9.1JYXrweK4cPXv2dcoS
    [role] => Admin
    [specialization] => 
    [status] => Active
    [notification_preferences] => 
    [last_login] => 
    [failed_attempts] => 0
    [is_locked] => 
    [created_by] => 
    [created_at] => 2026-04-30 20:06:33.235356
    [updated_at] => 2026-04-30 20:06:33.235356
)

2026-04-30T22:56:26+02:00 DB_USER: Array
(
    [id] => 1
    [name] => Local Admin
    [email] => admin@campus.edu
    [password_hash] => $2y$10$Wx3TBvWvg/Qwpf.BdnZXrO4cfAug9dgnu9.1JYXrweK4cPXv2dcoS
    [role] => Admin
    [specialization] => 
    [status] => Active
    [notification_preferences] => 
    [last_login] => 
    [failed_attempts] => 0
    [is_locked] => 
    [created_by] => 
    [created_at] => 2026-04-30 20:06:33.235356
    [updated_at] => 2026-04-30 20:06:33.235356
)

2026-04-30T22:58:41+02:00 DB_USER: Array
(
    [id] => 1
    [name] => Local Admin
    [email] => admin@campus.edu
    [password_hash] => $2y$10$Wx3TBvWvg/Qwpf.BdnZXrO4cfAug9dgnu9.1JYXrweK4cPXv2dcoS
    [role] => Admin
    [specialization] => 
    [status] => Active
    [notification_preferences] => 
    [last_login] => 
    [failed_attempts] => 0
    [is_locked] => 
    [created_by] => 
    [created_at] => 2026-04-30 20:06:33.235356
    [updated_at] => 2026-04-30 20:06:33.235356
)

